<?xml version="1.0" encoding="UTF-8"?>
<!-- Generated by org.testng.reporters.JUnitReportReporter -->
<testsuite hostname="PFTBLR-LT-500" failures="0" tests="1" name="com.OrangeHRM.TestClasses.TC3" time="4.292" errors="0" timestamp="2024-03-14T20:56:23 IST" skipped="0">
  <testcase classname="com.OrangeHRM.TestClasses.TC3" name="FunctionalityTest" time="4.292"/>
  <system-out/>
</testsuite> <!-- com.OrangeHRM.TestClasses.TC3 -->
