<?xml version="1.0" encoding="UTF-8"?>
<!-- Generated by org.testng.reporters.JUnitReportReporter -->
<testsuite hostname="PFTBLR-LT-500" failures="0" tests="1" name="com.OrangeHRM.TestClasses.TestCase" time="4.686" errors="0" timestamp="2024-03-13T20:21:30 IST" skipped="0">
  <testcase classname="com.OrangeHRM.TestClasses.TestCase" name="FunctionalityTest" time="4.686"/>
  <system-out/>
</testsuite> <!-- com.OrangeHRM.TestClasses.TestCase -->
