<?xml version="1.0" encoding="UTF-8"?>
<!-- Generated by org.testng.reporters.JUnitReportReporter -->
<testsuite hostname="PFTBLR-LT-500" failures="0" tests="1" name="com.OrangeHRM.TestClasses.Test1" time="4.604" errors="0" timestamp="2024-03-09T15:42:34 IST" skipped="0">
  <testcase classname="com.OrangeHRM.TestClasses.Test1" name="Test" time="4.604"/>
  <system-out/>
</testsuite> <!-- com.OrangeHRM.TestClasses.Test1 -->
