<?xml version="1.0" encoding="UTF-8"?>
<!-- Generated by org.testng.reporters.JUnitReportReporter -->
<testsuite hostname="PFTBLR-LT-500" failures="0" tests="1" name="com.OrangeHRM.TestClasses.TestCase" time="4.630" errors="0" timestamp="2024-03-10T14:33:14 IST" skipped="0">
  <testcase classname="com.OrangeHRM.TestClasses.TestCase" name="FunctionalityTest" time="4.630"/>
  <system-out/>
</testsuite> <!-- com.OrangeHRM.TestClasses.TestCase -->
